<?xml version="1.0" encoding="UTF-8"?>
<!-- Generated by org.testng.reporters.JUnitReportReporter -->
<testsuite hostname="LAPTOP-MBKE25QH" failures="0" tests="1" name="TestNG_Parallel.Amazon_distributor" time="7.475" errors="0" timestamp="2023-10-05T14:29:00 IST" skipped="0">
  <testcase classname="TestNG_Parallel.Amazon_distributor" name="amz" time="7.475"/>
</testsuite> <!-- TestNG_Parallel.Amazon_distributor -->
