<?xml version="1.0" encoding="UTF-8"?>
<!-- Generated by org.testng.reporters.JUnitReportReporter -->
<testsuite hostname="LAPTOP-MBKE25QH" failures="0" tests="1" name="Test_FailingPurpose.snapdeal" time="7.106" errors="0" timestamp="2023-10-06T15:21:17 IST" skipped="0">
  <testcase classname="Test_FailingPurpose.snapdeal" name="sdeal" time="7.106"/>
</testsuite> <!-- Test_FailingPurpose.snapdeal -->
