<?xml version="1.0" encoding="UTF-8"?>
<!-- Generated by org.testng.reporters.JUnitReportReporter -->
<testsuite hostname="LAPTOP-MBKE25QH" failures="0" tests="1" name="Test_FailingPurpose.amazon" time="7.420" errors="0" timestamp="2023-10-06T15:21:17 IST" skipped="0">
  <testcase classname="Test_FailingPurpose.amazon" name="amz" time="7.420"/>
</testsuite> <!-- Test_FailingPurpose.amazon -->
