<?xml version="1.0" encoding="UTF-8"?>
<!-- Generated by org.testng.reporters.JUnitReportReporter -->
<testsuite hostname="LAPTOP-MBKE25QH" failures="0" tests="3" name="TestNG_Annotation.amz_fb_snap" time="16.576" errors="0" timestamp="2023-10-06T14:47:36 IST" skipped="0">
  <testcase classname="TestNG_Annotation.amz_fb_snap" name="fb" time="5.086"/>
  <testcase classname="TestNG_Annotation.amz_fb_snap" name="amz" time="7.095"/>
  <testcase classname="TestNG_Annotation.amz_fb_snap" name="snap" time="4.395"/>
</testsuite> <!-- TestNG_Annotation.amz_fb_snap -->
