<?xml version="1.0" encoding="UTF-8"?>
<!-- Generated by org.testng.reporters.JUnitReportReporter -->
<testsuite hostname="LAPTOP-MBKE25QH" failures="0" tests="2" name="TestNG_Parallel.Compatability" time="5.240" errors="0" timestamp="2023-10-05T15:32:18 IST" skipped="0">
  <testcase classname="TestNG_Parallel.Compatability" name="amz" time="3.060"/>
  <testcase classname="TestNG_Parallel.Compatability" name="amz" time="2.180"/>
</testsuite> <!-- TestNG_Parallel.Compatability -->
