<?xml version="1.0" encoding="UTF-8"?>
<!-- Generated by org.testng.reporters.JUnitReportReporter -->
<testsuite hostname="LAPTOP-MBKE25QH" failures="0" tests="1" name="TestNG_Parallel.Facebook_Distributor" time="6.682" errors="0" timestamp="2023-10-05T14:29:00 IST" skipped="0">
  <testcase classname="TestNG_Parallel.Facebook_Distributor" name="fb" time="6.682"/>
</testsuite> <!-- TestNG_Parallel.Facebook_Distributor -->
