<?xml version="1.0" encoding="UTF-8"?>
<!-- Generated by org.testng.reporters.JUnitReportReporter -->
<testsuite hostname="LAPTOP-MBKE25QH" failures="0" tests="1" name="TestNG_Sequentail.Amazon_TestNGSeq" time="5.895" errors="0" timestamp="2023-10-04T15:52:46 IST" skipped="0">
  <testcase classname="TestNG_Sequentail.Amazon_TestNGSeq" name="amz" time="5.895"/>
</testsuite> <!-- TestNG_Sequentail.Amazon_TestNGSeq -->
