<?xml version="1.0" encoding="UTF-8"?>
<!-- Generated by org.testng.reporters.JUnitReportReporter -->
<testsuite hostname="LAPTOP-MBKE25QH" failures="0" tests="1" name="TestNG_Sequentail.facebook_TestNGSeq" time="4.296" errors="0" timestamp="2023-10-04T15:52:46 IST" skipped="0">
  <testcase classname="TestNG_Sequentail.facebook_TestNGSeq" name="fb" time="4.296"/>
</testsuite> <!-- TestNG_Sequentail.facebook_TestNGSeq -->
