<?xml version="1.0" encoding="UTF-8"?>
<!-- Generated by org.testng.reporters.JUnitReportReporter -->
<testsuite hostname="LAPTOP-MBKE25QH" failures="0" tests="1" name="TestNG_Group.sample2" time="0.007" errors="0" timestamp="2023-10-05T15:25:04 IST" skipped="0">
  <testcase classname="TestNG_Group.sample2" name="demo3" time="0.007"/>
</testsuite> <!-- TestNG_Group.sample2 -->
