<?xml version="1.0" encoding="UTF-8"?>
<!-- Generated by org.testng.reporters.JUnitReportReporter -->
<testsuite hostname="LAPTOP-MBKE25QH" failures="0" tests="1" name="Test_FailingPurpose.facevook" time="5.039" errors="0" timestamp="2023-10-06T15:21:17 IST" skipped="0">
  <testcase classname="Test_FailingPurpose.facevook" name="fb" time="5.039"/>
</testsuite> <!-- Test_FailingPurpose.facevook -->
