<?xml version="1.0" encoding="UTF-8"?>
<!-- Generated by org.testng.reporters.JUnitReportReporter -->
<testsuite hostname="LAPTOP-MBKE25QH" failures="0" tests="3" name="TestNG.DataProviders" time="13.600" errors="0" timestamp="2023-10-06T15:58:09 IST" skipped="0">
  <testcase classname="TestNG.DataProviders" name="demo" time="4.390"/>
  <testcase classname="TestNG.DataProviders" name="demo" time="4.295"/>
  <testcase classname="TestNG.DataProviders" name="demo" time="4.915"/>
</testsuite> <!-- TestNG.DataProviders -->
