<?xml version="1.0" encoding="UTF-8"?>
<!-- Generated by org.testng.reporters.JUnitReportReporter -->
<testsuite hostname="LAPTOP-MBKE25QH" failures="0" tests="2" name="TestNG.Assertion" time="7.752" errors="0" timestamp="2023-10-06T14:05:29 IST" skipped="0">
  <testcase classname="TestNG.Assertion" name="closing" time="3.244"/>
  <testcase classname="TestNG.Assertion" name="Fb" time="4.508"/>
</testsuite> <!-- TestNG.Assertion -->
